0 verbose cli C:\Program Files\nodejs\node.exe C:\Program Files\nodejs\node_modules\npm\bin\npm-cli.js
1 info using npm@10.5.0
2 info using node@v20.12.2
3 timing npm:load:whichnode Completed in 2ms
4 timing config:load:defaults Completed in 3ms
5 timing config:load:file:C:\Program Files\nodejs\node_modules\npm\npmrc Completed in 4ms
6 timing config:load:builtin Completed in 4ms
7 timing config:load:cli Completed in 2ms
8 timing config:load:env Completed in 0ms
9 timing config:load:file:C:\Users\hp\Desktop\React\project11\.npmrc Completed in 1ms
10 timing config:load:project Completed in 4ms
11 timing config:load:file:C:\Users\hp\.npmrc Completed in 1ms
12 timing config:load:user Completed in 1ms
13 timing config:load:file:C:\Users\hp\Desktop\React\project11\C\etc\npmrc Completed in 0ms
14 timing config:load:global Completed in 0ms
15 timing config:load:setEnvs Completed in 1ms
16 timing config:load Completed in 15ms
17 timing npm:load:configload Completed in 15ms
18 timing config:load:flatten Completed in 2ms
19 timing npm:load:mkdirpcache Completed in 1ms
20 timing npm:load:mkdirplogs Completed in 0ms
21 verbose title npm install jest @testing-library/react @testing-library/jest-dom
22 verbose argv "install" "--save-dev" "jest" "@testing-library/react" "@testing-library/jest-dom"
23 timing npm:load:setTitle Completed in 0ms
24 timing npm:load:display Completed in 1ms
25 verbose logfile logs-max:10 dir:C:\Users\hp\Desktop\React\project11\C\_logs\2024-07-18T10_23_20_231Z-
26 verbose logfile C:\Users\hp\Desktop\React\project11\C\_logs\2024-07-18T10_23_20_231Z-debug-0.log
27 timing npm:load:logFile Completed in 10ms
28 timing npm:load:timers Completed in 0ms
29 timing npm:load:configScope Completed in 0ms
30 timing npm:load Completed in 51ms
31 timing arborist:ctor Completed in 1ms
32 silly logfile start cleaning logs, removing 3 files
33 silly logfile error removing log file C:\Users\hp\Desktop\React\project11\C\_logs\2024-07-18T10_11_20_683Z-debug-0.log [Error: EPERM: operation not permitted, lstat 'C:\Users\hp\Desktop\React\project11\C\_logs\2024-07-18T10_11_20_683Z-debug-0.log'] {
33 silly logfile   errno: -4048,
33 silly logfile   code: 'EPERM',
33 silly logfile   syscall: 'lstat',
33 silly logfile   path: 'C:\\Users\\hp\\Desktop\\React\\project11\\C\\_logs\\2024-07-18T10_11_20_683Z-debug-0.log'
33 silly logfile }
34 silly logfile done cleaning log files
35 timing idealTree:init Completed in 640ms
36 warn idealTree Removing dependencies.@testing-library/react in favor of devDependencies.@testing-library/react
37 warn idealTree Removing dependencies.@testing-library/jest-dom in favor of devDependencies.@testing-library/jest-dom
38 timing idealTree:userRequests Completed in 4ms
39 silly idealTree buildDeps
40 silly fetch manifest jest@*
41 timing arborist:ctor Completed in 0ms
42 http fetch GET 200 https://registry.npmjs.org/jest 1735ms (cache miss)
43 silly fetch manifest node-notifier@^8.0.1 || ^9.0.0 || ^10.0.0
44 http fetch GET 200 https://registry.npmjs.org/node-notifier 194ms (cache miss)
45 silly fetch manifest @testing-library/react@*
46 http fetch GET 200 https://registry.npmjs.org/@testing-library%2freact 580ms (cache miss)
47 silly fetch manifest @testing-library/dom@^10.0.0
48 http fetch GET 200 https://registry.npmjs.org/@testing-library%2fdom 359ms (cache miss)
49 silly fetch manifest @types/react@^18.0.0
50 http fetch GET 200 https://registry.npmjs.org/@types%2freact 669ms (cache revalidated)
51 silly fetch manifest @types/react-dom@^18.0.0
52 http fetch GET 200 https://registry.npmjs.org/@types%2freact-dom 357ms (cache miss)
53 silly fetch manifest react@^18.3.1
54 http fetch GET 200 https://registry.npmjs.org/react 2252ms (cache updated)
55 silly fetch manifest react-dom@^18.3.1
56 http fetch GET 200 https://registry.npmjs.org/react-dom 1749ms (cache updated)
57 silly fetch manifest @testing-library/jest-dom@*
58 http fetch GET 200 https://registry.npmjs.org/@testing-library%2fjest-dom 1522ms (cache miss)
59 silly fetch manifest @jest/globals@>= 28
60 http fetch GET 200 https://registry.npmjs.org/@jest%2fglobals 802ms (cache miss)
61 silly fetch manifest @types/bun@latest
62 http fetch GET 200 https://registry.npmjs.org/@types%2fbun 177ms (cache miss)
63 silly fetch manifest @types/jest@>= 28
64 http fetch GET 200 https://registry.npmjs.org/@types%2fjest 521ms (cache miss)
65 silly fetch manifest vitest@>= 0.32
66 http fetch GET 200 https://registry.npmjs.org/vitest 1210ms (cache miss)
67 silly fetch manifest @edge-runtime/vm@*
68 http fetch GET 200 https://registry.npmjs.org/@edge-runtime%2fvm 509ms (cache miss)
69 silly fetch manifest @types/node@^18.0.0 || >=20.0.0
70 http fetch GET 200 https://registry.npmjs.org/@types%2fnode 5086ms (cache miss)
71 silly fetch manifest @vitest/browser@2.0.3
72 http fetch GET 200 https://registry.npmjs.org/@vitest%2fbrowser 492ms (cache miss)
73 silly fetch manifest playwright@*
74 http fetch GET 200 https://registry.npmjs.org/playwright 14068ms (cache miss)
75 silly fetch manifest webdriverio@*
76 http fetch GET 200 https://registry.npmjs.org/webdriverio 3557ms (cache miss)
77 silly fetch manifest devtools@^8.14.0
78 http fetch GET 200 https://registry.npmjs.org/devtools 1770ms (cache miss)
79 silly fetch manifest @vitest/ui@2.0.3
80 http fetch GET 200 https://registry.npmjs.org/@vitest%2fui 2330ms (cache miss)
81 silly fetch manifest happy-dom@*
82 http fetch GET 200 https://registry.npmjs.org/happy-dom 3076ms (cache miss)
83 silly fetch manifest jsdom@*
84 http fetch GET 200 https://registry.npmjs.org/jsdom 543ms (cache miss)
85 silly fetch manifest canvas@^2.11.2
86 http fetch GET 200 https://registry.npmjs.org/canvas 513ms (cache miss)
87 timing idealTree Completed in 45221ms
88 timing command:install Completed in 45232ms
89 verbose stack Error: could not resolve
89 verbose stack     at PlaceDep.failPeerConflict (C:\Program Files\nodejs\node_modules\npm\node_modules\@npmcli\arborist\lib\place-dep.js:503:25)
89 verbose stack     at new PlaceDep (C:\Program Files\nodejs\node_modules\npm\node_modules\@npmcli\arborist\lib\place-dep.js:157:21)
89 verbose stack     at #buildDepStep (C:\Program Files\nodejs\node_modules\npm\node_modules\@npmcli\arborist\lib\arborist\build-ideal-tree.js:940:18)
89 verbose stack     at async Arborist.buildIdealTree (C:\Program Files\nodejs\node_modules\npm\node_modules\@npmcli\arborist\lib\arborist\build-ideal-tree.js:203:7)
89 verbose stack     at async Promise.all (index 1)
89 verbose stack     at async Arborist.reify (C:\Program Files\nodejs\node_modules\npm\node_modules\@npmcli\arborist\lib\arborist\reify.js:154:5)
89 verbose stack     at async Install.exec (C:\Program Files\nodejs\node_modules\npm\lib\commands\install.js:153:5)
89 verbose stack     at async module.exports (C:\Program Files\nodejs\node_modules\npm\lib\cli-entry.js:61:5)
90 verbose cwd C:\Users\hp\Desktop\React\project11
91 verbose Windows_NT 10.0.22631
92 verbose node v20.12.2
93 verbose npm  v10.5.0
94 error code ERESOLVE
95 error ERESOLVE could not resolve
96 error
97 error While resolving: [1mproject11[22m@[1m0.1.0[22m
97 error Found: [1m@testing-library/jest-dom[22m@[1m5.17.0[22m[2m[22m
97 error [2mnode_modules/@testing-library/jest-dom[22m
97 error   [33mdev[39m [1m@testing-library/jest-dom[22m@"[1m*[22m" from the root project
97 error
97 error Could not resolve dependency:
97 error [33mdev[39m [1m@testing-library/jest-dom[22m@"[1m*[22m" from the root project
97 error
97 error Conflicting peer dependency: [1mjest[22m@[1m29.7.0[22m[2m[22m
97 error [2mnode_modules/jest[22m
97 error   peerOptional [1mjest[22m@"[1m>= 28[22m" from [1m@testing-library/jest-dom[22m@[1m6.4.6[22m[2m[22m
97 error   [2mnode_modules/@testing-library/jest-dom[22m
97 error     [33mdev[39m [1m@testing-library/jest-dom[22m@"[1m*[22m" from the root project
97 error
97 error Fix the upstream dependency conflict, or retry
97 error this command with --force or --legacy-peer-deps
97 error to accept an incorrect (and potentially broken) dependency resolution.
98 error
98 error
98 error For a full report see:
98 error C:\Users\hp\Desktop\React\project11\C\_logs\2024-07-18T10_23_20_231Z-eresolve-report.txt
99 verbose exit 1
100 timing npm Completed in 45940ms
101 verbose unfinished npm timer reify 1721298200924
102 verbose unfinished npm timer reify:loadTrees 1721298200930
103 verbose unfinished npm timer idealTree:buildDeps 1721298201574
104 verbose unfinished npm timer idealTree:#root 1721298201575
105 verbose code 1
106 error A complete log of this run can be found in: C:\Users\hp\Desktop\React\project11\C\_logs\2024-07-18T10_23_20_231Z-debug-0.log
